16:33:42.138 [main] INFO  stepdefinitions.Steps - Provided UserName 
16:33:42.305 [main] INFO  stepdefinitions.Steps - Provided Password 
16:33:43.344 [main] INFO  stepdefinitions.Steps - Clicked on Login button
16:33:53.429 [main] ERROR stepdefinitions.Steps - Login Failed 
16:35:57.448 [main] INFO  stepdefinitions.Steps - Provided UserName 
16:35:57.603 [main] INFO  stepdefinitions.Steps - Provided Password 
16:35:58.686 [main] INFO  stepdefinitions.Steps - Clicked on Login button
16:36:08.765 [main] ERROR stepdefinitions.Steps - Login Failed 
11:48:20.560 [main] INFO  stepdefinitions.Steps - Provided UserName 
11:48:20.701 [main] INFO  stepdefinitions.Steps - Provided Password 
11:48:23.169 [main] INFO  stepdefinitions.Steps - Clicked on Login button
11:48:23.259 [main] INFO  stepdefinitions.Steps - Login Success 
11:48:27.472 [main] INFO  stepdefinitions.Steps - Provided UserName 
11:48:27.621 [main] INFO  stepdefinitions.Steps - Provided Password 
11:48:28.179 [main] INFO  stepdefinitions.Steps - Clicked on Login button
11:48:38.451 [main] ERROR stepdefinitions.Steps - Login Failed 
11:50:04.240 [main] INFO  stepdefinitions.Steps - Provided UserName 
11:50:04.380 [main] INFO  stepdefinitions.Steps - Provided Password 
11:50:06.867 [main] INFO  stepdefinitions.Steps - Clicked on Login button
11:50:06.968 [main] INFO  stepdefinitions.Steps - Login Success 
11:50:11.372 [main] INFO  stepdefinitions.Steps - Provided UserName 
11:50:11.495 [main] INFO  stepdefinitions.Steps - Provided Password 
11:50:12.452 [main] INFO  stepdefinitions.Steps - Clicked on Login button
11:50:15.213 [main] ERROR stepdefinitions.Steps - Login Failed 
11:51:02.130 [main] INFO  stepdefinitions.Steps - Provided UserName 
11:51:02.268 [main] INFO  stepdefinitions.Steps - Provided Password 
11:51:05.507 [main] INFO  stepdefinitions.Steps - Clicked on Login button
11:51:05.604 [main] INFO  stepdefinitions.Steps - Login Success 
11:51:35.767 [main] INFO  stepdefinitions.Steps - Provided UserName 
11:51:35.904 [main] INFO  stepdefinitions.Steps - Provided Password 
11:51:39.260 [main] INFO  stepdefinitions.Steps - Clicked on Login button
11:51:39.350 [main] INFO  stepdefinitions.Steps - Login Success 
11:51:43.416 [main] INFO  stepdefinitions.Steps - Provided UserName 
11:51:43.550 [main] INFO  stepdefinitions.Steps - Provided Password 
11:51:44.264 [main] INFO  stepdefinitions.Steps - Clicked on Login button
11:51:45.618 [main] ERROR stepdefinitions.Steps - Login Failed 
12:13:11.545 [main] INFO  stepdefinitions.Steps - Provided UserName 
12:13:11.711 [main] INFO  stepdefinitions.Steps - Provided Password 
12:13:15.394 [main] INFO  stepdefinitions.Steps - Clicked on Login button
12:13:15.501 [main] INFO  stepdefinitions.Steps - Login Success 
12:13:19.735 [main] INFO  stepdefinitions.Steps - Provided UserName 
12:13:19.891 [main] INFO  stepdefinitions.Steps - Provided Password 
12:13:20.629 [main] INFO  stepdefinitions.Steps - Clicked on Login button
12:13:22.078 [main] ERROR stepdefinitions.Steps - Login Failed 
12:24:21.040 [main] INFO  stepdefinitions.Steps - Provided UserName 
12:24:21.177 [main] INFO  stepdefinitions.Steps - Provided Password 
12:24:24.035 [main] INFO  stepdefinitions.Steps - Clicked on Login button
12:24:24.131 [main] INFO  stepdefinitions.Steps - Login Success 
12:24:28.171 [main] INFO  stepdefinitions.Steps - Provided UserName 
12:24:28.301 [main] INFO  stepdefinitions.Steps - Provided Password 
12:24:30.941 [main] INFO  stepdefinitions.Steps - Clicked on Login button
12:24:31.013 [main] INFO  stepdefinitions.Steps - Login Success 
12:24:34.976 [main] INFO  stepdefinitions.Steps - Provided UserName 
12:24:35.107 [main] INFO  stepdefinitions.Steps - Provided Password 
12:24:38.012 [main] INFO  stepdefinitions.Steps - Clicked on Login button
12:24:38.089 [main] INFO  stepdefinitions.Steps - Login Success 
12:27:29.457 [main] INFO  stepdefinitions.Steps - Provided UserName 
12:27:29.587 [main] INFO  stepdefinitions.Steps - Provided Password 
12:27:32.995 [main] INFO  stepdefinitions.Steps - Clicked on Login button
12:27:33.114 [main] INFO  stepdefinitions.Steps - Login Success 
12:27:37.172 [main] INFO  stepdefinitions.Steps - Provided UserName 
12:27:37.302 [main] INFO  stepdefinitions.Steps - Provided Password 
12:27:40.882 [main] INFO  stepdefinitions.Steps - Clicked on Login button
12:27:40.964 [main] INFO  stepdefinitions.Steps - Login Success 
12:27:44.835 [main] INFO  stepdefinitions.Steps - Provided UserName 
12:27:44.966 [main] INFO  stepdefinitions.Steps - Provided Password 
12:27:48.064 [main] INFO  stepdefinitions.Steps - Clicked on Login button
12:27:48.139 [main] INFO  stepdefinitions.Steps - Login Success 
15:43:15.755 [main] INFO  stepdefinitions.Steps - Provided UserName 
15:43:15.898 [main] INFO  stepdefinitions.Steps - Provided Password 
15:43:19.360 [main] INFO  stepdefinitions.Steps - Clicked on Login button
15:43:19.471 [main] INFO  stepdefinitions.Steps - Login Success 
15:43:24.182 [main] INFO  stepdefinitions.Steps - Provided UserName 
15:43:24.304 [main] INFO  stepdefinitions.Steps - Provided Password 
15:43:27.536 [main] INFO  stepdefinitions.Steps - Clicked on Login button
15:43:27.616 [main] INFO  stepdefinitions.Steps - Login Success 
15:43:32.131 [main] INFO  stepdefinitions.Steps - Provided UserName 
15:43:32.287 [main] INFO  stepdefinitions.Steps - Provided Password 
15:43:34.892 [main] INFO  stepdefinitions.Steps - Clicked on Login button
15:43:34.982 [main] INFO  stepdefinitions.Steps - Login Success 
15:50:47.820 [main] INFO  stepdefinitions.Steps - Provided UserName 
15:50:47.949 [main] INFO  stepdefinitions.Steps - Provided Password 
15:50:48.943 [main] INFO  stepdefinitions.Steps - Clicked on Login button
15:50:59.016 [main] ERROR stepdefinitions.Steps - Login Failed 
15:51:04.578 [main] INFO  stepdefinitions.Steps - Provided UserName 
15:51:04.719 [main] INFO  stepdefinitions.Steps - Provided Password 
15:51:07.220 [main] INFO  stepdefinitions.Steps - Clicked on Login button
15:51:07.328 [main] INFO  stepdefinitions.Steps - Login Success 
15:51:11.253 [main] INFO  stepdefinitions.Steps - Provided UserName 
15:51:11.374 [main] INFO  stepdefinitions.Steps - Provided Password 
15:51:14.267 [main] INFO  stepdefinitions.Steps - Clicked on Login button
15:51:14.347 [main] INFO  stepdefinitions.Steps - Login Success 
10:14:43.324 [main] INFO  stepdefinitions.Steps - Provided UserName 
10:14:43.474 [main] INFO  stepdefinitions.Steps - Provided Password 
10:14:44.255 [main] INFO  stepdefinitions.Steps - Clicked on Login button
10:14:54.324 [main] ERROR stepdefinitions.Steps - Login Failed 
10:14:59.962 [main] INFO  stepdefinitions.Steps - Provided UserName 
10:15:00.195 [main] INFO  stepdefinitions.Steps - Provided Password 
10:15:03.370 [main] INFO  stepdefinitions.Steps - Clicked on Login button
10:15:03.468 [main] INFO  stepdefinitions.Steps - Login Success 
10:15:08.484 [main] INFO  stepdefinitions.Steps - Provided UserName 
10:15:08.617 [main] INFO  stepdefinitions.Steps - Provided Password 
10:15:11.209 [main] INFO  stepdefinitions.Steps - Clicked on Login button
10:15:11.278 [main] INFO  stepdefinitions.Steps - Login Success 
22:50:42.705 [main] INFO  stepdefinitions.Steps - Provided UserName 
22:50:42.864 [main] INFO  stepdefinitions.Steps - Provided Password 
22:50:43.605 [main] INFO  stepdefinitions.Steps - Clicked on Login button
22:50:53.663 [main] ERROR stepdefinitions.Steps - Login Failed 
22:52:01.443 [main] INFO  stepdefinitions.Steps - Provided UserName 
22:52:01.625 [main] INFO  stepdefinitions.Steps - Provided Password 
22:52:03.812 [main] INFO  stepdefinitions.Steps - Clicked on Login button
22:52:03.917 [main] INFO  stepdefinitions.Steps - Login Success 
23:47:37.083 [main] INFO  stepdefinitions.Steps - Provided UserName 
23:47:37.232 [main] INFO  stepdefinitions.Steps - Provided Password 
23:47:39.414 [main] INFO  stepdefinitions.Steps - Clicked on Login button
23:47:39.522 [main] INFO  stepdefinitions.Steps - Login Success 
23:51:38.189 [main] INFO  stepdefinitions.Steps - Provided UserName 
23:51:38.336 [main] INFO  stepdefinitions.Steps - Provided Password 
23:51:41.069 [main] INFO  stepdefinitions.Steps - Clicked on Login button
23:51:41.250 [main] INFO  stepdefinitions.Steps - Login Success 
23:55:20.234 [main] INFO  stepdefinitions.Steps - Provided UserName 
23:55:20.370 [main] INFO  stepdefinitions.Steps - Provided Password 
23:55:22.800 [main] INFO  stepdefinitions.Steps - Clicked on Login button
23:55:22.925 [main] INFO  stepdefinitions.Steps - Login Success 
00:01:18.861 [main] INFO  stepdefinitions.Steps - Provided UserName 
00:01:19.005 [main] INFO  stepdefinitions.Steps - Provided Password 
00:01:21.226 [main] INFO  stepdefinitions.Steps - Clicked on Login button
00:01:21.333 [main] INFO  stepdefinitions.Steps - Login Success 
